[debug] [2020-04-05T13:31:46.354Z] ----------------------------------------------------------------------
[debug] [2020-04-05T13:31:46.357Z] Command:       C:\Program Files\nodejs\node.exe C:\Users\Sunanda\AppData\Roaming\npm\node_modules\firebase-tools\lib\bin\firebase.js login
[debug] [2020-04-05T13:31:46.358Z] CLI Version:   8.0.1
[debug] [2020-04-05T13:31:46.358Z] Platform:      win32
[debug] [2020-04-05T13:31:46.358Z] Node Version:  v12.14.1
[debug] [2020-04-05T13:31:46.360Z] Time:          Sun Apr 05 2020 19:01:46 GMT+0530 (India Standard Time)
[debug] [2020-04-05T13:31:46.360Z] ----------------------------------------------------------------------
[debug] [2020-04-05T13:31:46.360Z] 
[info] i  Firebase optionally collects CLI usage and error reporting information to help improve our products. Data is collected in accordance with Google's privacy policy (https://policies.google.com/privacy) and is not used to identify you.

[info] 
[info] Visit this URL on this device to log in:
[info] https://accounts.google.com/o/oauth2/auth?client_id=563584335869-fgrhgmd47bqnekij5i8b5pr03ho849e6.apps.googleusercontent.com&scope=email%20openid%20https%3A%2F%2Fwww.googleapis.com%2Fauth%2Fcloudplatformprojects.readonly%20https%3A%2F%2Fwww.googleapis.com%2Fauth%2Ffirebase%20https%3A%2F%2Fwww.googleapis.com%2Fauth%2Fcloud-platform&response_type=code&state=25455752&redirect_uri=http%3A%2F%2Flocalhost%3A9005
[info] 
[info] Waiting for authentication...
[debug] [2020-04-05T13:42:13.946Z] ----------------------------------------------------------------------
[debug] [2020-04-05T13:42:13.949Z] Command:       C:\Program Files\nodejs\node.exe C:\Users\Sunanda\AppData\Roaming\npm\node_modules\firebase-tools\lib\bin\firebase.js init
[debug] [2020-04-05T13:42:13.949Z] CLI Version:   8.0.1
[debug] [2020-04-05T13:42:13.949Z] Platform:      win32
[debug] [2020-04-05T13:42:13.949Z] Node Version:  v12.14.1
[debug] [2020-04-05T13:42:13.951Z] Time:          Sun Apr 05 2020 19:12:13 GMT+0530 (India Standard Time)
[debug] [2020-04-05T13:42:13.951Z] ----------------------------------------------------------------------
[debug] [2020-04-05T13:42:13.951Z] 
[debug] [2020-04-05T13:42:13.961Z] > command requires scopes: ["email","openid","https://www.googleapis.com/auth/cloudplatformprojects.readonly","https://www.googleapis.com/auth/firebase","https://www.googleapis.com/auth/cloud-platform"]
[debug] [2020-04-05T13:42:14.114Z] Error: Could not load the default credentials. Browse to https://cloud.google.com/docs/authentication/getting-started for more information.
    at GoogleAuth.getApplicationDefaultAsync (C:\Users\Sunanda\AppData\Roaming\npm\node_modules\firebase-tools\node_modules\google-auth-library\build\src\auth\googleauth.js:160:19)
    at processTicksAndRejections (internal/process/task_queues.js:94:5)
    at async GoogleAuth.getClient (C:\Users\Sunanda\AppData\Roaming\npm\node_modules\firebase-tools\node_modules\google-auth-library\build\src\auth\googleauth.js:502:17)
    at async GoogleAuth.getAccessToken (C:\Users\Sunanda\AppData\Roaming\npm\node_modules\firebase-tools\node_modules\google-auth-library\build\src\auth\googleauth.js:524:24)
[error] 
[error] Error: An unexpected error has occurred.
[debug] [2020-04-05T13:42:38.185Z] ----------------------------------------------------------------------
[debug] [2020-04-05T13:42:38.191Z] Command:       C:\Program Files\nodejs\node.exe C:\Users\Sunanda\AppData\Roaming\npm\node_modules\firebase-tools\lib\bin\firebase.js login
[debug] [2020-04-05T13:42:38.192Z] CLI Version:   8.0.1
[debug] [2020-04-05T13:42:38.193Z] Platform:      win32
[debug] [2020-04-05T13:42:38.193Z] Node Version:  v12.14.1
[debug] [2020-04-05T13:42:38.196Z] Time:          Sun Apr 05 2020 19:12:38 GMT+0530 (India Standard Time)
[debug] [2020-04-05T13:42:38.196Z] ----------------------------------------------------------------------
[debug] [2020-04-05T13:42:38.197Z] 
[info] i  Firebase optionally collects CLI usage and error reporting information to help improve our products. Data is collected in accordance with Google's privacy policy (https://policies.google.com/privacy) and is not used to identify you.

[info] i  To change your data collection preference at any time, run `firebase logout` and log in again.
[info] 
[info] Visit this URL on this device to log in:
[info] https://accounts.google.com/o/oauth2/auth?client_id=563584335869-fgrhgmd47bqnekij5i8b5pr03ho849e6.apps.googleusercontent.com&scope=email%20openid%20https%3A%2F%2Fwww.googleapis.com%2Fauth%2Fcloudplatformprojects.readonly%20https%3A%2F%2Fwww.googleapis.com%2Fauth%2Ffirebase%20https%3A%2F%2Fwww.googleapis.com%2Fauth%2Fcloud-platform&response_type=code&state=980646409&redirect_uri=http%3A%2F%2Flocalhost%3A9005
[info] 
[info] Waiting for authentication...
[debug] [2020-04-05T13:44:39.411Z] ----------------------------------------------------------------------
[debug] [2020-04-05T13:44:39.415Z] Command:       C:\Program Files\nodejs\node.exe C:\Users\Sunanda\AppData\Roaming\npm\node_modules\firebase-tools\lib\bin\firebase.js login
[debug] [2020-04-05T13:44:39.415Z] CLI Version:   8.0.1
[debug] [2020-04-05T13:44:39.416Z] Platform:      win32
[debug] [2020-04-05T13:44:39.416Z] Node Version:  v12.14.1
[debug] [2020-04-05T13:44:39.418Z] Time:          Sun Apr 05 2020 19:14:39 GMT+0530 (India Standard Time)
[debug] [2020-04-05T13:44:39.418Z] ----------------------------------------------------------------------
[debug] [2020-04-05T13:44:39.419Z] 
[info] i  Firebase optionally collects CLI usage and error reporting information to help improve our products. Data is collected in accordance with Google's privacy policy (https://policies.google.com/privacy) and is not used to identify you.

[info] i  To change your data collection preference at any time, run `firebase logout` and log in again.
[info] 
[info] Visit this URL on this device to log in:
[info] https://accounts.google.com/o/oauth2/auth?client_id=563584335869-fgrhgmd47bqnekij5i8b5pr03ho849e6.apps.googleusercontent.com&scope=email%20openid%20https%3A%2F%2Fwww.googleapis.com%2Fauth%2Fcloudplatformprojects.readonly%20https%3A%2F%2Fwww.googleapis.com%2Fauth%2Ffirebase%20https%3A%2F%2Fwww.googleapis.com%2Fauth%2Fcloud-platform&response_type=code&state=125868461&redirect_uri=http%3A%2F%2Flocalhost%3A9005
[info] 
[info] Waiting for authentication...
[debug] [2020-04-07T00:20:36.491Z] ----------------------------------------------------------------------
[debug] [2020-04-07T00:20:36.530Z] Command:       C:\Program Files\nodejs\node.exe C:\Users\Sunanda\AppData\Roaming\npm\node_modules\firebase-tools\lib\bin\firebase.js login
[debug] [2020-04-07T00:20:36.532Z] CLI Version:   8.0.1
[debug] [2020-04-07T00:20:36.533Z] Platform:      win32
[debug] [2020-04-07T00:20:36.533Z] Node Version:  v12.14.1
[debug] [2020-04-07T00:20:36.662Z] Time:          Tue Apr 07 2020 05:50:36 GMT+0530 (India Standard Time)
[debug] [2020-04-07T00:20:36.663Z] ----------------------------------------------------------------------
[debug] [2020-04-07T00:20:36.664Z] 
[info] i  Firebase optionally collects CLI usage and error reporting information to help improve our products. Data is collected in accordance with Google's privacy policy (https://policies.google.com/privacy) and is not used to identify you.

[info] i  To change your data collection preference at any time, run `firebase logout` and log in again.
[info] 
[info] Visit this URL on this device to log in:
[info] https://accounts.google.com/o/oauth2/auth?client_id=563584335869-fgrhgmd47bqnekij5i8b5pr03ho849e6.apps.googleusercontent.com&scope=email%20openid%20https%3A%2F%2Fwww.googleapis.com%2Fauth%2Fcloudplatformprojects.readonly%20https%3A%2F%2Fwww.googleapis.com%2Fauth%2Ffirebase%20https%3A%2F%2Fwww.googleapis.com%2Fauth%2Fcloud-platform&response_type=code&state=526345922&redirect_uri=http%3A%2F%2Flocalhost%3A9005
[info] 
[info] Waiting for authentication...
